This is pdfTeX, Version 3.14159265-2.6-1.40.17 (TeX Live 2016) (preloaded format=pdflatex 2016.5.22)  5 SEP 2018 11:19
entering extended mode
 restricted \write18 enabled.
 file:line:error style messages enabled.
 %&-line parsing enabled.
**PICOReport.tex
(./PICOReport.tex
LaTeX2e <2016/03/31>
Babel <3.9r> and hyphenation patterns for 83 language(s) loaded.
(/usr/local/texlive/2016/texmf-dist/tex/latex/base/article.cls
Document Class: article 2014/09/29 v1.4h Standard LaTeX document class
(/usr/local/texlive/2016/texmf-dist/tex/latex/base/size12.clo
File: size12.clo 2014/09/29 v1.4h Standard LaTeX file (size option)
)
\c@part=\count79
\c@section=\count80
\c@subsection=\count81
\c@subsubsection=\count82
\c@paragraph=\count83
\c@subparagraph=\count84
\c@figure=\count85
\c@table=\count86
\abovecaptionskip=\skip41
\belowcaptionskip=\skip42
\bibindent=\dimen102
)
(/usr/local/texlive/2016/texmf-dist/tex/latex/amsfonts/amssymb.sty
Package: amssymb 2013/01/14 v3.01 AMS font symbols

(/usr/local/texlive/2016/texmf-dist/tex/latex/amsfonts/amsfonts.sty
Package: amsfonts 2013/01/14 v3.01 Basic AMSFonts support
\@emptytoks=\toks14
\symAMSa=\mathgroup4
\symAMSb=\mathgroup5
LaTeX Font Info:    Overwriting math alphabet `\mathfrak' in version `bold'
(Font)                  U/euf/m/n --> U/euf/b/n on input line 106.
))
(/usr/local/texlive/2016/texmf-dist/tex/latex/amsmath/amsmath.sty
Package: amsmath 2016/03/10 v2.15b AMS math features
\@mathmargin=\skip43

For additional information on amsmath, use the `?' option.
(/usr/local/texlive/2016/texmf-dist/tex/latex/amsmath/amstext.sty
Package: amstext 2000/06/29 v2.01 AMS text

(/usr/local/texlive/2016/texmf-dist/tex/latex/amsmath/amsgen.sty
File: amsgen.sty 1999/11/30 v2.0 generic functions
\@emptytoks=\toks15
\ex@=\dimen103
))
(/usr/local/texlive/2016/texmf-dist/tex/latex/amsmath/amsbsy.sty
Package: amsbsy 1999/11/29 v1.2d Bold Symbols
\pmbraise@=\dimen104
)
(/usr/local/texlive/2016/texmf-dist/tex/latex/amsmath/amsopn.sty
Package: amsopn 2016/03/08 v2.02 operator names
)
\inf@bad=\count87
LaTeX Info: Redefining \frac on input line 199.
\uproot@=\count88
\leftroot@=\count89
LaTeX Info: Redefining \overline on input line 297.
\classnum@=\count90
\DOTSCASE@=\count91
LaTeX Info: Redefining \ldots on input line 394.
LaTeX Info: Redefining \dots on input line 397.
LaTeX Info: Redefining \cdots on input line 518.
\Mathstrutbox@=\box26
\strutbox@=\box27
\big@size=\dimen105
LaTeX Font Info:    Redeclaring font encoding OML on input line 634.
LaTeX Font Info:    Redeclaring font encoding OMS on input line 635.
\macc@depth=\count92
\c@MaxMatrixCols=\count93
\dotsspace@=\muskip10
\c@parentequation=\count94
\dspbrk@lvl=\count95
\tag@help=\toks16
\row@=\count96
\column@=\count97
\maxfields@=\count98
\andhelp@=\toks17
\eqnshift@=\dimen106
\alignsep@=\dimen107
\tagshift@=\dimen108
\tagwidth@=\dimen109
\totwidth@=\dimen110
\lineht@=\dimen111
\@envbody=\toks18
\multlinegap=\skip44
\multlinetaggap=\skip45
\mathdisplay@stack=\toks19
LaTeX Info: Redefining \[ on input line 2739.
LaTeX Info: Redefining \] on input line 2740.
)
(/usr/local/texlive/2016/texmf-dist/tex/latex/psnfss/times.sty
Package: times 2005/04/12 PSNFSS-v9.2a (SPQR) 
)
(/usr/local/texlive/2016/texmf-dist/tex/latex/graphics/color.sty
Package: color 2016/05/09 v1.1c Standard LaTeX Color (DPC)

(/usr/local/texlive/2016/texmf-dist/tex/latex/graphics-cfg/color.cfg
File: color.cfg 2016/01/02 v1.6 sample color configuration
)
Package color Info: Driver file: pdftex.def on input line 144.

(/usr/local/texlive/2016/texmf-dist/tex/latex/pdftex-def/pdftex.def
File: pdftex.def 2011/05/27 v0.06d Graphics/color for pdfTeX

(/usr/local/texlive/2016/texmf-dist/tex/generic/oberdiek/infwarerr.sty
Package: infwarerr 2016/05/16 v1.4 Providing info/warning/error messages (HO)
)
(/usr/local/texlive/2016/texmf-dist/tex/generic/oberdiek/ltxcmds.sty
Package: ltxcmds 2016/05/16 v1.23 LaTeX kernel commands for general use (HO)
)
\Gread@gobject=\count99
))
(/usr/local/texlive/2016/texmf-dist/tex/latex/graphics/graphicx.sty
Package: graphicx 2014/10/28 v1.0g Enhanced LaTeX Graphics (DPC,SPQR)

(/usr/local/texlive/2016/texmf-dist/tex/latex/graphics/keyval.sty
Package: keyval 2014/10/28 v1.15 key=value parser (DPC)
\KV@toks@=\toks20
)
(/usr/local/texlive/2016/texmf-dist/tex/latex/graphics/graphics.sty
Package: graphics 2016/05/09 v1.0r Standard LaTeX Graphics (DPC,SPQR)

(/usr/local/texlive/2016/texmf-dist/tex/latex/graphics/trig.sty
Package: trig 2016/01/03 v1.10 sin cos tan (DPC)
)
(/usr/local/texlive/2016/texmf-dist/tex/latex/graphics-cfg/graphics.cfg
File: graphics.cfg 2016/01/02 v1.10 sample graphics configuration
)
Package graphics Info: Driver file: pdftex.def on input line 96.
)
\Gin@req@height=\dimen112
\Gin@req@width=\dimen113
)
(/usr/local/texlive/2016/texmf-dist/tex/latex/fancyhdr/fancyhdr.sty
\fancy@headwidth=\skip46
\f@ncyO@elh=\skip47
\f@ncyO@erh=\skip48
\f@ncyO@olh=\skip49
\f@ncyO@orh=\skip50
\f@ncyO@elf=\skip51
\f@ncyO@erf=\skip52
\f@ncyO@olf=\skip53
\f@ncyO@orf=\skip54
)
(/usr/local/texlive/2016/texmf-dist/tex/latex/multirow/multirow.sty
\bigstrutjot=\dimen114
)
(/usr/local/texlive/2016/texmf-dist/tex/latex/cite/cite.sty
LaTeX Info: Redefining \cite on input line 302.
LaTeX Info: Redefining \nocite on input line 332.
Package: cite 2015/02/27  v 5.5
)
(/usr/local/texlive/2016/texmf-dist/tex/latex/natbib/natbib.sty
Package: natbib 2010/09/13 8.31b (PWD, AO)


Package natbib Warning: The `cite' package should not be used
(natbib)                with natbib. Use option `sort' instead.

\bibhang=\skip55
\bibsep=\skip56
LaTeX Info: Redefining \cite on input line 694.
LaTeX Info: Redefining \citenum on input line 708.
\c@NAT@ctr=\count100
) (/usr/local/texlive/2016/texmf-dist/tex/latex/acronym/acronym.sty
Package: acronym 2015/03/21 v1.41 Support for acronyms (Tobias Oetiker)

(/usr/local/texlive/2016/texmf-dist/tex/latex/bigfoot/suffix.sty
Package: suffix 2006/07/15 1.5a Variant command support
)
(/usr/local/texlive/2016/texmf-dist/tex/generic/xstring/xstring.sty
(/usr/local/texlive/2016/texmf-dist/tex/generic/xstring/xstring.tex
\@xs@message=\write3
\integerpart=\count101
\decimalpart=\count102
)
Package: xstring 2013/10/13  v1.7c  String manipulations (C Tellechea)
)
\AC@clearlist=\toks21
)
(./PICOReport_defs.tex
\tablebox=\box28
\tablewidth=\dimen115
)
(/usr/local/texlive/2016/texmf-dist/tex/latex/subfiles/subfiles.sty
Package: subfiles 2012/05/23 Federico Garcia

(/usr/local/texlive/2016/texmf-dist/tex/latex/tools/verbatim.sty
Package: verbatim 2014/10/28 v1.5q LaTeX2e package for verbatim enhancements
\every@verbatim=\toks22
\verbatim@line=\toks23
\verbatim@in@stream=\read1
))
(./PICOReport.aux)
\openout1 = `PICOReport.aux'.

LaTeX Font Info:    Checking defaults for OML/cmm/m/it on input line 36.
LaTeX Font Info:    ... okay on input line 36.
LaTeX Font Info:    Checking defaults for T1/cmr/m/n on input line 36.
LaTeX Font Info:    ... okay on input line 36.
LaTeX Font Info:    Checking defaults for OT1/cmr/m/n on input line 36.
LaTeX Font Info:    ... okay on input line 36.
LaTeX Font Info:    Checking defaults for OMS/cmsy/m/n on input line 36.
LaTeX Font Info:    ... okay on input line 36.
LaTeX Font Info:    Checking defaults for OMX/cmex/m/n on input line 36.
LaTeX Font Info:    ... okay on input line 36.
LaTeX Font Info:    Checking defaults for U/cmr/m/n on input line 36.
LaTeX Font Info:    ... okay on input line 36.
LaTeX Font Info:    Try loading font information for OT1+ptm on input line 36.

(/usr/local/texlive/2016/texmf-dist/tex/latex/psnfss/ot1ptm.fd
File: ot1ptm.fd 2001/06/04 font definitions for OT1/ptm.
)
(/usr/local/texlive/2016/texmf-dist/tex/context/base/mkii/supp-pdf.mkii
[Loading MPS to PDF converter (version 2006.09.02).]
\scratchcounter=\count103
\scratchdimen=\dimen116
\scratchbox=\box29
\nofMPsegments=\count104
\nofMParguments=\count105
\everyMPshowfont=\toks24
\MPscratchCnt=\count106
\MPscratchDim=\dimen117
\MPnumerator=\count107
\makeMPintoPDFobject=\count108
\everyMPtoPDFconversion=\toks25
) (/usr/local/texlive/2016/texmf-dist/tex/generic/oberdiek/pdftexcmds.sty
Package: pdftexcmds 2016/05/10 v0.21 Utility functions of pdfTeX for LuaTeX (HO
)

(/usr/local/texlive/2016/texmf-dist/tex/generic/oberdiek/ifluatex.sty
Package: ifluatex 2016/05/16 v1.4 Provides the ifluatex switch (HO)
Package ifluatex Info: LuaTeX not detected.
)
(/usr/local/texlive/2016/texmf-dist/tex/generic/oberdiek/ifpdf.sty
Package: ifpdf 2016/05/14 v3.1 Provides the ifpdf switch
)
Package pdftexcmds Info: LuaTeX not detected.
Package pdftexcmds Info: \pdf@primitive is available.
Package pdftexcmds Info: \pdf@ifprimitive is available.
Package pdftexcmds Info: \pdfdraftmode found.
)
(/usr/local/texlive/2016/texmf-dist/tex/latex/oberdiek/epstopdf-base.sty
Package: epstopdf-base 2016/05/15 v2.6 Base part for package epstopdf

(/usr/local/texlive/2016/texmf-dist/tex/latex/oberdiek/grfext.sty
Package: grfext 2016/05/16 v1.2 Manage graphics extensions (HO)

(/usr/local/texlive/2016/texmf-dist/tex/generic/oberdiek/kvdefinekeys.sty
Package: kvdefinekeys 2016/05/16 v1.4 Define keys (HO)
))
(/usr/local/texlive/2016/texmf-dist/tex/latex/oberdiek/kvoptions.sty
Package: kvoptions 2016/05/16 v3.12 Key value format for package options (HO)

(/usr/local/texlive/2016/texmf-dist/tex/generic/oberdiek/kvsetkeys.sty
Package: kvsetkeys 2016/05/16 v1.17 Key value parser (HO)

(/usr/local/texlive/2016/texmf-dist/tex/generic/oberdiek/etexcmds.sty
Package: etexcmds 2016/05/16 v1.6 Avoid name clashes with e-TeX commands (HO)
Package etexcmds Info: Could not find \expanded.
(etexcmds)             That can mean that you are not using pdfTeX 1.50 or
(etexcmds)             that some package has redefined \expanded.
(etexcmds)             In the latter case, load this package earlier.
)))
Package grfext Info: Graphics extension search list:
(grfext)             [.png,.pdf,.jpg,.mps,.jpeg,.jbig2,.jb2,.PNG,.PDF,.JPG,.JPE
G,.JBIG2,.JB2,.eps]
(grfext)             \AppendGraphicsExtensions on input line 456.

(/usr/local/texlive/2016/texmf-dist/tex/latex/latexconfig/epstopdf-sys.cfg
File: epstopdf-sys.cfg 2010/07/13 v1.3 Configuration of (r)epstopdf for TeX Liv
e
))
LaTeX Font Info:    Font shape `OT1/ptm/bx/n' in size <20.74> not available
(Font)              Font shape `OT1/ptm/b/n' tried instead on input line 50.

Underfull \hbox (badness 10000) in paragraph at lines 56--61

 []

[0

{/usr/local/texlive/2016/texmf-var/fonts/map/pdftex/updmap/pdftex.map}]
LaTeX Font Info:    Font shape `OT1/ptm/bx/n' in size <17.28> not available
(Font)              Font shape `OT1/ptm/b/n' tried instead on input line 71.

(./executive.tex)
LaTeX Font Info:    Font shape `OT1/ptm/bx/n' in size <14.4> not available
(Font)              Font shape `OT1/ptm/b/n' tried instead on input line 78.
LaTeX Font Info:    Try loading font information for OMS+ptm on input line 81.

(/usr/local/texlive/2016/texmf-dist/tex/latex/psnfss/omsptm.fd
File: omsptm.fd 
)
LaTeX Font Info:    Font shape `OMS/ptm/m/n' in size <12> not available
(Font)              Font shape `OMS/cmsy/m/n' tried instead on input line 81.

(./landscape.tex)
LaTeX Font Info:    Font shape `OT1/ptm/bx/n' in size <12> not available
(Font)              Font shape `OT1/ptm/b/n' tried instead on input line 104.
LaTeX Font Info:    Try loading font information for U+msa on input line 110.

(/usr/local/texlive/2016/texmf-dist/tex/latex/amsfonts/umsa.fd
File: umsa.fd 2013/01/14 v3.01 AMS symbols A
)
LaTeX Font Info:    Try loading font information for U+msb on input line 110.

(/usr/local/texlive/2016/texmf-dist/tex/latex/amsfonts/umsb.fd
File: umsb.fd 2013/01/14 v3.01 AMS symbols B
) [1]
(./fundamentalsci.tex
Underfull \hbox (badness 10000) in paragraph at lines 4--5

 []

<images/cmb_powspec_PICOv2.pdf, id=13, 375.804pt x 303.534pt>
File: images/cmb_powspec_PICOv2.pdf Graphic file (type pdf)

<use images/cmb_powspec_PICOv2.pdf>
Package pdftex.def Info: images/cmb_powspec_PICOv2.pdf used on input line 16.
(pdftex.def)             Requested size: 289.07999pt x 233.49957pt.
 [2]
<images/nsrlabeledrp001_PICOv1.pdf, id=22, 375.804pt x 195.129pt>
File: images/nsrlabeledrp001_PICOv1.pdf Graphic file (type pdf)

<use images/nsrlabeledrp001_PICOv1.pdf>
Package pdftex.def Info: images/nsrlabeledrp001_PICOv1.pdf used on input line 2
9.
(pdftex.def)             Requested size: 361.34999pt x 187.63432pt.
 [3 <./images/cmb_powspec_PICOv2.pdf> <./images/nsrlabeledrp001_PICOv1.pdf>]
Underfull \hbox (badness 10000) in paragraph at lines 42--43

 []

<images/Neff_log.pdf, id=102, 550.05763pt x 448.49733pt>
File: images/Neff_log.pdf Graphic file (type pdf)

<use images/Neff_log.pdf>
Package pdftex.def Info: images/Neff_log.pdf used on input line 69.
(pdftex.def)             Requested size: 211.3883pt x 172.36063pt.

<images/Mnu_tauprior_log.pdf, id=103, 559.6995pt x 448.49733pt>
File: images/Mnu_tauprior_log.pdf Graphic file (type pdf)

<use images/Mnu_tauprior_log.pdf>
Package pdftex.def Info: images/Mnu_tauprior_log.pdf used on input line 70.
(pdftex.def)             Requested size: 211.3883pt x 169.39053pt.


Package natbib Warning: Citation `Peebles2000' on page 4 undefined on input lin
e 98.


Package natbib Warning: Citation `Chen2004' on page 4 undefined on input line 9
8.


Package natbib Warning: Citation `Padmanabhan2005' on page 4 undefined on input
 line 98.

[4]

Package natbib Warning: Citation `Yacine2015DM' on page 5 undefined on input li
ne 126.


Package natbib Warning: Citation `Jedamzik2000' on page 5 undefined on input li
ne 132.


Package natbib Warning: Citation `Tashiro2012' on page 5 undefined on input lin
e 132.


Package natbib Warning: Citation `Dolgov2013' on page 5 undefined on input line
 132.


Package natbib Warning: Citation `Tashiro2013' on page 5 undefined on input lin
e 132.


Package natbib Warning: Citation `Caldwell2013' on page 5 undefined on input li
ne 132.


Underfull \hbox (badness 10000) in paragraph at lines 130--133

 []

[5 <./images/Neff_log.pdf> <./images/Mnu_tauprior_log.pdf

pdfTeX warning: /Library/TeX/texbin/pdflatex (file ./images/Mnu_tauprior_log.pd
f): PDF inclusion: multiple pdfs with page group included in a single page
>]) (./extragalacticsci.tex [6]) (./galacticsci.tex

Package natbib Warning: Citation `McKee2007' on page 7 undefined on input line 
8.


Package natbib Warning: Citation `Lazarian2007b' on page 7 undefined on input l
ine 11.


Package natbib Warning: Citation `Andersson2015' on page 7 undefined on input l
ine 11.


Package natbib Warning: Citation `EllsworthBowers2015' on page 7 undefined on i
nput line 11.


Package natbib Warning: Citation `Planck:XXXV' on page 7 undefined on input lin
e 11.


Package natbib Warning: Citation `Crutcher2010' on page 7 undefined on input li
ne 17.

[7]

Package natbib Warning: Citation `Planck:XXXII' on page 8 undefined on input li
ne 18.


Package natbib Warning: Citation `Planck:XXXV' on page 8 undefined on input lin
e 18.


Package natbib Warning: Citation `Soler2013' on page 8 undefined on input line 
18.


Package natbib Warning: Citation `Chen2016' on page 8 undefined on input line 1
8.


Package natbib Warning: Citation `Mocz2018' on page 8 undefined on input line 1
8.


Package natbib Warning: Citation `Davis1951' on page 8 undefined on input line 
23.


Package natbib Warning: Citation `Chandrasekhar1953' on page 8 undefined on inp
ut line 23.


Package natbib Warning: Citation `Hildebrand2009' on page 8 undefined on input 
line 23.


Package natbib Warning: Citation `Houde2009' on page 8 undefined on input line 
23.


Package natbib Warning: Citation `Houde2011' on page 8 undefined on input line 
23.


Package natbib Warning: Citation `Fissel2016' on page 8 undefined on input line
 24.


Package natbib Warning: Citation `King2018' on page 8 undefined on input line 2
4.


Package natbib Warning: Citation `GonzalezCasanova2017' on page 8 undefined on 
input line 25.


Package natbib Warning: Citation `Yuen2017' on page 8 undefined on input line 2
5.


Package natbib Warning: Citation `Lazarian2018' on page 8 undefined on input li
ne 25.


Package natbib Warning: Citation `Planck:XXXV' on page 8 undefined on input lin
e 26.


Package natbib Warning: Citation `Soler2017' on page 8 undefined on input line 
26.


Package natbib Warning: Citation `Fissel2018' on page 8 undefined on input line
 26.


Package natbib Warning: Citation `Soler2017' on page 8 undefined on input line 
26.


Package natbib Warning: Citation `Soler2017b' on page 8 undefined on input line
 26.

[8] <images/Allsky_dust_fig.pdf, id=207, 557.08125pt x 440.64626pt>
File: images/Allsky_dust_fig.pdf Graphic file (type pdf)

<use images/Allsky_dust_fig.pdf>
Package pdftex.def Info: images/Allsky_dust_fig.pdf used on input line 34.
(pdftex.def)             Requested size: 289.07999pt x 228.6667pt.


Package natbib Warning: Citation `Hall1949' on page 9 undefined on input line 6
1.


Package natbib Warning: Citation `Hiltner1949' on page 9 undefined on input lin
e 61.


Package natbib Warning: Citation `Purcell1979' on page 9 undefined on input lin
e 61.


Package natbib Warning: Citation `Spitzer1979' on page 9 undefined on input lin
e 61.


Package natbib Warning: Citation `Andersson2015' on page 9 undefined on input l
ine 61.


Package natbib Warning: Citation `Lazarian2007a' on page 9 undefined on input l
ine 61.


Package natbib Warning: Citation `Andersson2007' on page 9 undefined on input l
ine 61.


Package natbib Warning: Citation `Andersson2010' on page 9 undefined on input l
ine 61.

[9 <./images/Allsky_dust_fig.pdf>]

Package natbib Warning: Citation `Lazarian2007b' on page 10 undefined on input 
line 63.


Package natbib Warning: Citation `Hoang2015' on page 10 undefined on input line
 63.


Package natbib Warning: Citation `Weingartner2008' on page 10 undefined on inpu
t line 63.


Package natbib Warning: Citation `Goodman1995' on page 10 undefined on input li
ne 67.


Package natbib Warning: Citation `Hensley2018' on page 10 undefined on input li
ne 70.


Package natbib Warning: Citation `Smith2000' on page 10 undefined on input line
 72.


Package natbib Warning: Citation `Chiar2006' on page 10 undefined on input line
 72.


Package natbib Warning: Citation `Mason2007' on page 10 undefined on input line
 72.

[10]

Package natbib Warning: Citation `Planck_Int_XXII' on page 11 undefined on inpu
t line 76.


Package natbib Warning: Citation `Ashton2018' on page 11 undefined on input lin
e 76.


Package natbib Warning: Citation `Draine2013' on page 11 undefined on input lin
e 78.


Package natbib Warning: Citation `Lazarian2007b' on page 11 undefined on input 
line 78.


Package natbib Warning: Citation `Hoang2015' on page 11 undefined on input line
 78.


Package natbib Warning: Citation `Lazarian2007a' on page 11 undefined on input 
line 78.


Package natbib Warning: Citation `Draine2013' on page 11 undefined on input lin
e 78.

[11]

Package natbib Warning: Citation `Heiles:2005' on page 12 undefined on input li
ne 104.


Package natbib Warning: Citation `Clark:2014' on page 12 undefined on input lin
e 107.


Package natbib Warning: Citation `Clark:2015' on page 12 undefined on input lin
e 107.


Package natbib Warning: Citation `Kalberla:2016' on page 12 undefined on input 
line 107.


Package natbib Warning: Citation `Planck:XXXII' on page 12 undefined on input l
ine 107.


Package natbib Warning: Citation `Clark:2015' on page 12 undefined on input lin
e 107.


Package natbib Warning: Citation `Planck:XXXVIII' on page 12 undefined on input
 line 107.


Package natbib Warning: Citation `Caldwell:2017' on page 12 undefined on input 
line 108.


Package natbib Warning: Citation `Kandel:2017' on page 12 undefined on input li
ne 108.


Package natbib Warning: Citation `Planck2018:XI' on page 12 undefined on input 
line 111.

[12]

Package natbib Warning: Citation `HI4PI:2016' on page 13 undefined on input lin
e 113.


Package natbib Warning: Citation `Peek:2018' on page 13 undefined on input line
 113.


Package natbib Warning: Citation `McClure-Griffiths2015' on page 13 undefined o
n input line 113.

) (./legacysci.tex <images/fig_SED3_PICO.jpg, id=253, 325.9377pt x 218.0145pt>
File: images/fig_SED3_PICO.jpg Graphic file (type jpg)

<use images/fig_SED3_PICO.jpg>
Package pdftex.def Info: images/fig_SED3_PICO.jpg used on input line 8.
(pdftex.def)             Requested size: 225.48038pt x 150.82602pt.

<images/NgtF_500micron.png, id=255, 1047.915pt x 994.71625pt>
File: images/NgtF_500micron.png Graphic file (type png)

<use images/NgtF_500micron.png>
Package pdftex.def Info: images/NgtF_500micron.png used on input line 9.
(pdftex.def)             Requested size: 225.47322pt x 156.4865pt.
 [13 <./images/fig_SED3_PICO.jpg> <./images/NgtF_500micron.png>]
<images/fig_protocl_PICO.jpg, id=264, 348.8232pt x 246.6816pt>
File: images/fig_protocl_PICO.jpg Graphic file (type jpg)

<use images/fig_protocl_PICO.jpg>
Package pdftex.def Info: images/fig_protocl_PICO.jpg used on input line 92.
(pdftex.def)             Requested size: 150.32503pt x 106.30815pt.

<images/Oteo_2018_protocl.jpg, id=266, 250.7769pt x 270.2898pt>
File: images/Oteo_2018_protocl.jpg Graphic file (type jpg)

<use images/Oteo_2018_protocl.jpg>
Package pdftex.def Info: images/Oteo_2018_protocl.jpg used on input line 93.
(pdftex.def)             Requested size: 150.32953pt x 105.27237pt.

<images/NgtFclumps_800GHz.png, id=268, 1371.9255pt x 1163.547pt>
File: images/NgtFclumps_800GHz.png Graphic file (type png)

<use images/NgtFclumps_800GHz.png>
Package pdftex.def Info: images/NgtFclumps_800GHz.png used on input line 94.
(pdftex.def)             Requested size: 150.30519pt x 105.26509pt.
 [14]
Missing character: There is no â in font cmr12!
Missing character: There is no € in font cmr12!
Missing character: There is no “ in font cmr12!
 [15 <./images/fig_protocl_PICO.jpg> <./images/Oteo_2018_protocl.jpg> <./images
/NgtFclumps_800GHz.png>])
Overfull \hbox (10.23615pt too wide) in paragraph at lines 143--143
[]\OT1/ptm/b/n/14.4 Complementarity with other Mea-sure-ments and Sur-veys (1 p
g, Lawrence,
 []

(./complementarity.tex
\tblskip=\dimen118
\digitwidth=\dimen119
\signwidth=\dimen120
LaTeX Font Info:    Font shape `OT1/ptm/bx/n' in size <10> not available
(Font)              Font shape `OT1/ptm/b/n' tried instead on input line 44.

Underfull \hbox (badness 1127) in paragraph at lines 46--46
\OT1/ptm/m/n/10 by at-mo-sphere or ground.
 []


Underfull \hbox (badness 1377) in paragraph at lines 48--48
\OT1/ptm/m/n/10 quen-cies. The fre-quency
 []


Underfull \hbox (badness 3229) in paragraph at lines 48--48
\OT1/ptm/m/n/10 range where as-tro-nom-i-cal
 []


Underfull \hbox (badness 10000) in paragraph at lines 48--48
\OT1/ptm/m/n/10 in-ac-ces-
 []


Underfull \hbox (badness 2119) in paragraph at lines 48--48
[]|\OT1/ptm/m/n/10 Better than ground. Fore-
 []


Underfull \hbox (badness 6173) in paragraph at lines 48--48
\OT1/ptm/m/n/10 ground-minimum fre-quen-
 []


Underfull \hbox (badness 1303) in paragraph at lines 52--52
\OT1/ptm/m/n/10 ground, plus di-rect noise.
 []


Underfull \hbox (badness 5563) in paragraph at lines 52--52
\OT1/ptm/m/n/10 In-di-vid-ual de-tec-tor sen-si-
 []


Underfull \hbox (badness 10000) in paragraph at lines 52--52
[]|\OT1/ptm/m/n/10 Atmospheric
 []


Underfull \hbox (badness 10000) in paragraph at lines 52--52
\OT1/ptm/m/n/10 direct-detector
 []


Underfull \hbox (badness 3460) in paragraph at lines 54--54
[]|\OT1/ptm/m/n/10 Continuous ob-ser-va-tions for
 []

[16] [17] [18]) (./foregrounds.tex) (./systematics.tex

Package natbib Warning: Citation `Takahaski2010' on page 19 undefined on input 
line 15.

[19]
LaTeX Font Info:    Font shape `OT1/ptm/bx/n' in size <8> not available
(Font)              Font shape `OT1/ptm/b/n' tried instead on input line 49.

Overfull \hbox (1.3334pt too wide) in paragraph at lines 49--49
[]\OT1/ptm/b/n/8 Risk| 
 []


Underfull \hbox (badness 1178) in paragraph at lines 52--52
[]\OT1/ptm/m/n/8 Polarization An-gle Cal-i-bra-
 []


Package natbib Warning: Author undefined for citation`Aumont+2018' 
(natbib)                on page 20 on input line 56.


Package natbib Warning: Citation `Planck_Lowell' on page 20 undefined on input 
line 56.


Package natbib Warning: Citation `Hoang_2017' on page 20 undefined on input lin
e 62.


Package natbib Warning: Citation `Pajot_2010' on page 20 undefined on input lin
e 62.


Package natbib Warning: Citation `Planck_Lowell' on page 20 undefined on input 
line 63.


Package natbib Warning: Citation `CORE_systematics' on page 20 undefined on inp
ut line 63.


Underfull \hbox (badness 10000) in paragraph at lines 70--70
[]\OT1/ptm/m/n/8 Time Re-sponse Ac-cu-racy
 []


Underfull \hbox (badness 5771) in paragraph at lines 72--72
\OT1/ptm/m/n/8 stants (mea-sure-ment er-rors, time
 []


Package natbib Warning: Citation `Planck_Lowell' on page 20 undefined on input 
line 73.


Package natbib Warning: Citation `Planck_Lowell' on page 20 undefined on input 
line 80.


Underfull \hbox (badness 3108) in paragraph at lines 90--92
[]\OT1/ptm/m/n/8 Should be fur-ther in-ves-ti-gated in
 []


Package natbib Warning: Citation `Planck_Lowell' on page 20 undefined on input 
line 96.


Underfull \hbox (badness 1178) in paragraph at lines 96--97
[]\OT1/ptm/m/n/8 mission-average rel-a-tive cal-i-bra-tion
 []


Underfull \hbox (badness 10000) in paragraph at lines 98--100
[]\OT1/ptm/m/n/8 State-of-the-art mea-sure-ment of
 []


Underfull \hbox (badness 1019) in paragraph at lines 104--105
[]\OT1/ptm/m/n/8 Q$\OMS/cmsy/m/n/8 !$\OT1/ptm/m/n/8 U ro-ta-tion by the op-ti-c
al el-e-
 []


Underfull \hbox (badness 2865) in paragraph at lines 106--107
[]\OT1/ptm/m/n/8 Degenerate with po-lar-iza-tion gain
 []


Package natbib Warning: Citation `Planck_Lowell' on page 20 undefined on input 
line 116.


Underfull \hbox (badness 1655) in paragraph at lines 133--134
\OT1/ptm/m/n/8 an-gles from the main beam axis;
 []


Underfull \hbox (badness 2744) in paragraph at lines 140--140
[]\OT1/ptm/m/n/8 Residual cor-re-lated cos-mic
 []


Package natbib Warning: Citation `Planck_Lowell' on page 20 undefined on input 
line 144.


Underfull \hbox (badness 1442) in paragraph at lines 144--145
[]\OT1/ptm/m/it/8 Planck\OT1/ptm/m/n/8 /HFI found the 5% per-cent
 []


Underfull \hbox (badness 2744) in paragraph at lines 146--148
\OT1/ptm/m/n/8 of-the-art anal-y-sis tech-niques (ac-
 []


Overfull \hbox (56.87pt too wide) in paragraph at lines 47--150
 [][] 
 []


LaTeX Warning: `!h' float specifier changed to `!ht'.

<images/PICO_rotate_eb3_v0.pdf, id=296, 597.23125pt x 397.485pt>
File: images/PICO_rotate_eb3_v0.pdf Graphic file (type pdf)

<use images/PICO_rotate_eb3_v0.pdf>
Package pdftex.def Info: images/PICO_rotate_eb3_v0.pdf used on input line 184.
(pdftex.def)             Requested size: 375.80542pt x 250.11967pt.


Package natbib Warning: Author undefined for citation`Planck2016_XLIX' 
(natbib)                on page 20 on input line 220.


Package natbib Warning: Author undefined for citation`Aumont+2018' 
(natbib)                on page 20 on input line 223.

[20 <./images/PICO_rotate_eb3_v0.pdf>] [21]
Overfull \hbox (1.64862pt too wide) in paragraph at lines 237--238
\OT1/ptm/m/n/12 Photometric cal-i-bra-tion is the pro-cess of con-vert-ing the 
raw out-put of the re-ceivers into a physically-
 []

[22] [23]) (./instrument.tex
Overfull \hbox (3.97801pt too wide) in paragraph at lines 5--6
\OT1/ptm/m/n/12 Telescope (Hanany / Young), fo-cal plane (Hanany / Young), cool
-ing (Trangsrud), read-out (O'Brient) 
 []

) (./mission.tex) (./technology.tex) (./cost.tex) [24] (./PICOReport.bbl
Underfull \hbox (badness 2150) in paragraph at lines 36--41
[]\OT1/ptm/m/n/12 Francis-Yan Cyr-Racine, Roland de Put-ter, Alvise Rac-canelli
, and Kris Sig-urd-son.
 []

[25] [26] [27] [28] [29] [30]) (./acronym.tex)

Package natbib Warning: There were undefined citations.

[31] (./PICOReport.aux) ) 
Here is how much of TeX's memory you used:
 4122 strings out of 493014
 55485 string characters out of 6133351
 132817 words of memory out of 5000000
 7510 multiletter control sequences out of 15000+600000
 39666 words of font info for 81 fonts, out of 8000000 for 9000
 1141 hyphenation exceptions out of 8191
 38i,12n,43p,1508b,405s stack positions out of 5000i,500n,10000p,200000b,80000s
{/usr/local/texlive/2016/texmf-dist/fonts/enc/dvips/ba
se/8r.enc}</usr/local/texlive/2016/texmf-dist/fonts/type1/public/amsfonts/cm/cm
bsy10.pfb></usr/local/texlive/2016/texmf-dist/fonts/type1/public/amsfonts/cm/cm
bx12.pfb></usr/local/texlive/2016/texmf-dist/fonts/type1/public/amsfonts/cm/cme
x10.pfb></usr/local/texlive/2016/texmf-dist/fonts/type1/public/amsfonts/cm/cmmi
10.pfb></usr/local/texlive/2016/texmf-dist/fonts/type1/public/amsfonts/cm/cmmi1
2.pfb></usr/local/texlive/2016/texmf-dist/fonts/type1/public/amsfonts/cm/cmmi7.
pfb></usr/local/texlive/2016/texmf-dist/fonts/type1/public/amsfonts/cm/cmmi8.pf
b></usr/local/texlive/2016/texmf-dist/fonts/type1/public/amsfonts/cm/cmmib10.pf
b></usr/local/texlive/2016/texmf-dist/fonts/type1/public/amsfonts/cm/cmr10.pfb>
</usr/local/texlive/2016/texmf-dist/fonts/type1/public/amsfonts/cm/cmr12.pfb></
usr/local/texlive/2016/texmf-dist/fonts/type1/public/amsfonts/cm/cmr17.pfb></us
r/local/texlive/2016/texmf-dist/fonts/type1/public/amsfonts/cm/cmr6.pfb></usr/l
ocal/texlive/2016/texmf-dist/fonts/type1/public/amsfonts/cm/cmr7.pfb></usr/loca
l/texlive/2016/texmf-dist/fonts/type1/public/amsfonts/cm/cmr8.pfb></usr/local/t
exlive/2016/texmf-dist/fonts/type1/public/amsfonts/cm/cmsy10.pfb></usr/local/te
xlive/2016/texmf-dist/fonts/type1/public/amsfonts/cm/cmsy6.pfb></usr/local/texl
ive/2016/texmf-dist/fonts/type1/public/amsfonts/cm/cmsy7.pfb></usr/local/texliv
e/2016/texmf-dist/fonts/type1/public/amsfonts/cm/cmsy8.pfb></usr/local/texlive/
2016/texmf-dist/fonts/type1/public/amsfonts/symbols/msam10.pfb></usr/local/texl
ive/2016/texmf-dist/fonts/type1/urw/helvetic/uhvb8a.pfb></usr/local/texlive/201
6/texmf-dist/fonts/type1/urw/helvetic/uhvbo8a.pfb></usr/local/texlive/2016/texm
f-dist/fonts/type1/urw/times/utmb8a.pfb></usr/local/texlive/2016/texmf-dist/fon
ts/type1/urw/times/utmr8a.pfb></usr/local/texlive/2016/texmf-dist/fonts/type1/u
rw/times/utmri8a.pfb>
Output written on PICOReport.pdf (32 pages, 3897388 bytes).
PDF statistics:
 401 PDF objects out of 1000 (max. 8388607)
 243 compressed objects within 3 object streams
 0 named destinations out of 1000 (max. 500000)
 86 words of extra memory for PDF output out of 10000 (max. 10000000)

